<?xml version="1.0" encoding="UTF-8"?>
<!-- Generated by org.testng.reporters.JUnitXMLReporter -->
<testsuite hostname="DESKTOP-MPC5MTV" failures="0" tests="4" name="TestSuiteDemo-with Package" time="26.061" errors="0" timestamp="14 Jun 2022 13:55:31 GMT">
  <testcase classname="com.hrms.testscripts.Testing_029_LoginLogout" name="Loginout" time="8.703"/>
  <testcase classname="com.hrms.testscripts.Testing_030_AddEmployee" name="AddEmp" time="5.631"/>
  <testcase classname="com.hrms.testscripts.Testing_031_EditEmployee" name="EditEmp" time="6.748"/>
  <testcase classname="com.hrms.testscripts.Testing_032_DelEmployee" name="DelEmp" time="4.941"/>
</testsuite> <!-- TestSuiteDemo-with Package -->
