<?xml version="1.0" encoding="UTF-8"?>
<!-- Generated by org.testng.reporters.JUnitXMLReporter -->
<testsuite hostname="DESKTOP-MPC5MTV" failures="0" tests="4" name="Nopackage" time="25.33" errors="0" timestamp="9 Jun 2022 13:55:30 GMT">
  <testcase classname="com.hrms.testscripts.Testing_029_LoginLogout" name="Loginout" time="7.826"/>
  <testcase classname="com.hrms.testscripts.Testing_030_AddEmployee" name="AddEmp" time="5.58"/>
  <testcase classname="com.hrms.testscripts.Testing_031_EditEmployee" name="EditEmp" time="6.852"/>
  <testcase classname="com.hrms.testscripts.Testing_032_DelEmployee" name="DelEmp" time="5.02"/>
</testsuite> <!-- Nopackage -->
