<?xml version="1.0" encoding="UTF-8"?>
<!-- Generated by org.testng.reporters.JUnitXMLReporter -->
<testsuite hostname="DESKTOP-MPC5MTV" failures="0" tests="4" name="TestSuiteDemo" time="23.538" errors="0" timestamp="9 Jun 2022 13:57:08 GMT">
  <testcase classname="com.hrms.testscripts.Testing_029_LoginLogout" name="Loginout" time="5.87"/>
  <testcase classname="com.hrms.testscripts.Testing_030_AddEmployee" name="AddEmp" time="5.475"/>
  <testcase classname="com.hrms.testscripts.Testing_031_EditEmployee" name="EditEmp" time="7.396"/>
  <testcase classname="com.hrms.testscripts.Testing_032_DelEmployee" name="DelEmp" time="4.754"/>
</testsuite> <!-- TestSuiteDemo -->
